<?xml version="1.0" encoding="UTF-8"?>
<testng-results ignored="0" total="1" passed="1" failed="0" skipped="0">
  <reporter-output>
    <line>
      <![CDATA[Browser is launched]]>
    </line>
    <line>
      <![CDATA[Browser is maximized]]>
    </line>
  </reporter-output>
  <suite started-at="2023-03-02T12:27:31 IST" name="Default suite" finished-at="2023-03-02T12:27:56 IST" duration-ms="25088">
    <groups>
    </groups>
    <test started-at="2023-03-02T12:27:31 IST" name="Default test" finished-at="2023-03-02T12:27:56 IST" duration-ms="25088">
      <class name="SVGTag">
        <test-method signature="locateSVGTag()[pri:0, instance:SVGTag@55f616cf]" started-at="2023-03-02T12:27:31 IST" name="locateSVGTag" finished-at="2023-03-02T12:27:56 IST" duration-ms="25066" status="PASS">
          <reporter-output>
            <line>
              <![CDATA[Browser is launched]]>
            </line>
            <line>
              <![CDATA[Browser is maximized]]>
            </line>
          </reporter-output>
        </test-method> <!-- locateSVGTag -->
      </class> <!-- SVGTag -->
    </test> <!-- Default test -->
  </suite> <!-- Default suite -->
</testng-results>
